2023-03-30 14:13:47,199 [Worker-4: Loading available Gradle versions] INFO  o.e.b.c.i.u.g.PublishedGradleVersions - Gradle version information cache is up-to-date. Trying to read.
2023-03-30 14:15:16,045 [Worker-9: Building] INFO  o.e.m.c.i.l.LifecycleMappingFactory - Using org.eclipse.m2e.jdt.JarLifecycleMapping lifecycle mapping for MavenProject: com.harsh:learning-spring-framework1:0.0.1-SNAPSHOT @ G:\Spring\learning-spring-framework1\pom.xml.
2023-03-30 14:15:17,742 [Worker-9: Building] WARN  o.e.m.c.i.embedder.EclipseLogger - The POM for com.harsh:learning-spring-framework:jar:0.0.1-SNAPSHOT is missing, no dependency information available
2023-03-30 14:15:20,769 [Worker-9: Building] INFO  o.a.m.s.f.DefaultMavenResourcesFiltering - Copying 1 resource
2023-03-30 14:15:20,823 [Worker-9: Building] INFO  o.a.m.s.f.DefaultMavenResourcesFiltering - Copying 0 resource
2023-03-30 14:15:20,828 [Worker-9: Building] INFO  o.a.m.s.f.DefaultMavenResourcesFiltering - skip non existing resourceDirectory G:\Spring\learning-spring-framework1\src\test\resources
2023-03-30 14:15:21,285 [Worker-13: Download sources and javadoc] ERROR o.e.m.j.internal.DownloadSourcesJob - Could not download sources for com.harsh:learning-spring-framework:0.0.1-SNAPSHOT
org.eclipse.core.runtime.CoreException: Could not resolve artifact com.harsh:learning-spring-framework:jar:sources:0.0.1-SNAPSHOT
	at org.eclipse.m2e.core.internal.embedder.MavenImpl.lambda$6(MavenImpl.java:587)
	at org.eclipse.m2e.core.internal.embedder.MavenExecutionContext.executeBare(MavenExecutionContext.java:364)
	at org.eclipse.m2e.core.internal.embedder.MavenExecutionContext.execute(MavenExecutionContext.java:227)
	at org.eclipse.m2e.core.internal.embedder.MavenExecutionContext.execute(MavenExecutionContext.java:213)
	at org.eclipse.m2e.core.internal.embedder.MavenImpl.resolve(MavenImpl.java:556)
	at org.eclipse.m2e.core.internal.embedder.MavenImpl.resolve(MavenImpl.java:541)
	at org.eclipse.m2e.jdt.internal.DownloadSourcesJob.download(DownloadSourcesJob.java:308)
	at org.eclipse.m2e.jdt.internal.DownloadSourcesJob.downloadAttachments(DownloadSourcesJob.java:282)
	at org.eclipse.m2e.jdt.internal.DownloadSourcesJob.downloadMaven(DownloadSourcesJob.java:252)
	at org.eclipse.m2e.jdt.internal.DownloadSourcesJob.downloadFilesAndPopulateToUpdate(DownloadSourcesJob.java:220)
	at org.eclipse.m2e.jdt.internal.DownloadSourcesJob.lambda$0(DownloadSourcesJob.java:149)
	at org.eclipse.m2e.core.internal.embedder.MavenExecutionContext.executeBare(MavenExecutionContext.java:364)
	at org.eclipse.m2e.core.internal.embedder.MavenExecutionContext.execute(MavenExecutionContext.java:274)
	at org.eclipse.m2e.core.internal.embedder.MavenExecutionContext.execute(MavenExecutionContext.java:213)
	at org.eclipse.m2e.core.embedder.IMaven.execute(IMaven.java:294)
	at org.eclipse.m2e.jdt.internal.DownloadSourcesJob.run(DownloadSourcesJob.java:149)
	at org.eclipse.core.internal.jobs.Worker.run(Worker.java:63)
2023-03-30 14:15:25,956 [Worker-15: Building] INFO  o.e.m.c.i.l.LifecycleMappingFactory - Using org.eclipse.m2e.jdt.JarLifecycleMapping lifecycle mapping for MavenProject: com.harsh:learning-spring-framework:0.0.1-SNAPSHOT @ G:\Spring\learning-spring-framework\pom.xml.
2023-03-30 14:15:26,533 [Worker-15: Building] INFO  o.e.m.c.i.l.LifecycleMappingFactory - Using org.eclipse.m2e.jdt.JarLifecycleMapping lifecycle mapping for MavenProject: com.harsh:learning-spring-framework1:0.0.1-SNAPSHOT @ G:\Spring\learning-spring-framework1\pom.xml.
2023-03-30 14:15:26,676 [Worker-15: Building] INFO  o.e.m.c.i.p.WorkspaceClassifierResolverManager - Resolving P/learning-spring-framework: com.harsh:learning-spring-framework:0.0.1-SNAPSHOT with classifier  to /learning-spring-framework/target/classes
2023-03-30 14:15:27,367 [Worker-15: Building] INFO  o.a.m.s.f.DefaultMavenResourcesFiltering - Copying 1 resource
2023-03-30 14:15:27,394 [Worker-15: Building] INFO  o.a.m.s.f.DefaultMavenResourcesFiltering - Copying 0 resource
2023-03-30 14:15:27,399 [Worker-15: Building] INFO  o.a.m.s.f.DefaultMavenResourcesFiltering - skip non existing resourceDirectory G:\Spring\learning-spring-framework\src\test\resources
2023-03-30 14:15:27,743 [Worker-15: Building] INFO  o.a.m.s.f.DefaultMavenResourcesFiltering - Copying 1 resource
2023-03-30 14:15:27,746 [Worker-15: Building] INFO  o.a.m.s.f.DefaultMavenResourcesFiltering - Copying 0 resource
2023-03-30 14:15:27,751 [Worker-15: Building] INFO  o.a.m.s.f.DefaultMavenResourcesFiltering - skip non existing resourceDirectory G:\Spring\learning-spring-framework1\src\test\resources
2023-03-30 14:15:28,599 [Worker-16: Updating Maven Dependencies] INFO  o.e.m.c.i.l.LifecycleMappingFactory - Using org.eclipse.m2e.jdt.JarLifecycleMapping lifecycle mapping for MavenProject: com.harsh:learning-spring-framework:0.0.1-SNAPSHOT @ G:\Spring\learning-spring-framework\pom.xml.
2023-03-30 14:15:29,335 [Worker-6: Building] INFO  o.a.m.s.f.DefaultMavenResourcesFiltering - Copying 1 resource
2023-03-30 14:15:29,364 [Worker-6: Building] INFO  o.a.m.s.f.DefaultMavenResourcesFiltering - Copying 0 resource
2023-03-30 14:15:29,369 [Worker-6: Building] INFO  o.a.m.s.f.DefaultMavenResourcesFiltering - skip non existing resourceDirectory G:\Spring\learning-spring-framework\src\test\resources
2023-03-30 14:15:46,134 [Worker-6: Launching AppGamingBasicJava] INFO  o.e.m.c.i.p.WorkspaceClassifierResolverManager - Resolving P/learning-spring-framework: com.harsh:learning-spring-framework:0.0.1-SNAPSHOT with classifier null to /learning-spring-framework/target/classes
2023-03-30 14:15:46,209 [Worker-6: Launching AppGamingBasicJava] INFO  o.e.m.c.i.p.WorkspaceClassifierResolverManager - Resolving P/learning-spring-framework: com.harsh:learning-spring-framework:0.0.1-SNAPSHOT with classifier null to /learning-spring-framework/target/classes
2023-03-30 14:15:46,267 [Worker-6: Launching AppGamingBasicJava] INFO  o.e.m.c.i.p.WorkspaceClassifierResolverManager - Resolving P/learning-spring-framework: com.harsh:learning-spring-framework:0.0.1-SNAPSHOT with classifier null to /learning-spring-framework/target/classes
2023-03-30 14:16:20,766 [Worker-16: Building] INFO  o.e.m.c.i.l.LifecycleMappingFactory - Using org.eclipse.m2e.jdt.JarLifecycleMapping lifecycle mapping for MavenProject: com.harsh.learningspringframework3:learning-spring-framework3:0.0.1-SNAPSHOT @ G:\Spring\learning-spring-framework3\pom.xml.
2023-03-30 14:16:21,210 [Worker-16: Building] INFO  o.a.m.s.f.DefaultMavenResourcesFiltering - Copying 1 resource
2023-03-30 14:16:21,234 [Worker-16: Building] INFO  o.a.m.s.f.DefaultMavenResourcesFiltering - Copying 0 resource
2023-03-30 14:16:21,239 [Worker-16: Building] INFO  o.a.m.s.f.DefaultMavenResourcesFiltering - skip non existing resourceDirectory G:\Spring\learning-spring-framework3\src\test\resources
2023-03-30 14:16:22,038 [Worker-5: Updating Maven Dependencies] INFO  o.e.m.c.i.l.LifecycleMappingFactory - Using org.eclipse.m2e.jdt.JarLifecycleMapping lifecycle mapping for MavenProject: com.harsh.learningspringframework3:learning-spring-framework3:0.0.1-SNAPSHOT @ G:\Spring\learning-spring-framework3\pom.xml.
2023-03-30 14:16:22,663 [Worker-15: Building] INFO  o.a.m.s.f.DefaultMavenResourcesFiltering - Copying 1 resource
2023-03-30 14:16:22,686 [Worker-15: Building] INFO  o.a.m.s.f.DefaultMavenResourcesFiltering - Copying 0 resource
2023-03-30 14:16:22,690 [Worker-15: Building] INFO  o.a.m.s.f.DefaultMavenResourcesFiltering - skip non existing resourceDirectory G:\Spring\learning-spring-framework3\src\test\resources
2023-03-30 14:17:07,113 [Worker-5: Building] INFO  o.e.m.c.i.l.LifecycleMappingFactory - Using org.eclipse.m2e.jdt.JarLifecycleMapping lifecycle mapping for MavenProject: com.harsh.learningspringframework4:learning-spring-framework4:0.0.1-SNAPSHOT @ G:\Spring\learning-spring-framework4\pom.xml.
2023-03-30 14:17:07,606 [Worker-5: Building] INFO  o.a.m.s.f.DefaultMavenResourcesFiltering - Copying 1 resource
2023-03-30 14:17:07,637 [Worker-5: Building] INFO  o.a.m.s.f.DefaultMavenResourcesFiltering - Copying 0 resource
2023-03-30 14:17:07,642 [Worker-5: Building] INFO  o.a.m.s.f.DefaultMavenResourcesFiltering - skip non existing resourceDirectory G:\Spring\learning-spring-framework4\src\test\resources
2023-03-30 14:17:08,470 [Worker-6: Updating Maven Dependencies] INFO  o.e.m.c.i.l.LifecycleMappingFactory - Using org.eclipse.m2e.jdt.JarLifecycleMapping lifecycle mapping for MavenProject: com.harsh.learningspringframework4:learning-spring-framework4:0.0.1-SNAPSHOT @ G:\Spring\learning-spring-framework4\pom.xml.
2023-03-30 14:17:09,143 [Worker-9: Building] INFO  o.a.m.s.f.DefaultMavenResourcesFiltering - Copying 1 resource
2023-03-30 14:17:09,168 [Worker-9: Building] INFO  o.a.m.s.f.DefaultMavenResourcesFiltering - Copying 0 resource
2023-03-30 14:17:09,174 [Worker-9: Building] INFO  o.a.m.s.f.DefaultMavenResourcesFiltering - skip non existing resourceDirectory G:\Spring\learning-spring-framework4\src\test\resources
2023-03-30 14:17:36,834 [Worker-3: Building] INFO  o.e.m.c.i.l.LifecycleMappingFactory - Using org.eclipse.m2e.jdt.JarLifecycleMapping lifecycle mapping for MavenProject: com.harsh.learningspringframework5:learning-spring-framework5:0.0.1-SNAPSHOT @ G:\Spring\learning-spring-framework5\pom.xml.
2023-03-30 14:17:37,292 [Worker-3: Building] INFO  o.a.m.s.f.DefaultMavenResourcesFiltering - Copying 1 resource
2023-03-30 14:17:37,319 [Worker-3: Building] INFO  o.a.m.s.f.DefaultMavenResourcesFiltering - Copying 0 resource
2023-03-30 14:17:37,323 [Worker-3: Building] INFO  o.a.m.s.f.DefaultMavenResourcesFiltering - skip non existing resourceDirectory G:\Spring\learning-spring-framework5\src\test\resources
2023-03-30 14:17:38,865 [Worker-9: Building] INFO  o.a.m.s.f.DefaultMavenResourcesFiltering - Copying 1 resource
2023-03-30 14:17:38,885 [Worker-9: Building] INFO  o.a.m.s.f.DefaultMavenResourcesFiltering - Copying 0 resource
2023-03-30 14:17:38,889 [Worker-9: Building] INFO  o.a.m.s.f.DefaultMavenResourcesFiltering - skip non existing resourceDirectory G:\Spring\learning-spring-framework5\src\test\resources
2023-03-30 14:17:39,422 [Worker-4: Updating Maven Dependencies] INFO  o.e.m.c.i.l.LifecycleMappingFactory - Using org.eclipse.m2e.jdt.JarLifecycleMapping lifecycle mapping for MavenProject: com.harsh.learningspringframework5:learning-spring-framework5:0.0.1-SNAPSHOT @ G:\Spring\learning-spring-framework5\pom.xml.
2023-03-30 14:17:39,926 [Worker-14: Building] INFO  o.a.m.s.f.DefaultMavenResourcesFiltering - Copying 0 resource
2023-03-30 14:17:39,927 [Worker-14: Building] INFO  o.a.m.s.f.DefaultMavenResourcesFiltering - Copying 0 resource
2023-03-30 14:17:39,931 [Worker-14: Building] INFO  o.a.m.s.f.DefaultMavenResourcesFiltering - skip non existing resourceDirectory G:\Spring\learning-spring-framework5\src\test\resources
2023-03-30 14:21:33,842 [Worker-1: Loading available Gradle versions] INFO  o.e.b.c.i.u.g.PublishedGradleVersions - Gradle version information cache is up-to-date. Trying to read.
2023-03-30 14:22:07,104 [Worker-0: Loading available Gradle versions] INFO  o.e.b.c.i.u.g.PublishedGradleVersions - Gradle version information cache is up-to-date. Trying to read.
